2017-08-30 01:56:51: -- Analysis Started by On File Change Incremental
2017-08-30 01:56:51: 变更：14， 冲突：， 复制时间：， 复制状态：， 错误： , All: 228
2017-08-30 01:56:51: Left to Right: Delete File: 14 
2017-08-30 01:56:51: == Sync Started by On File Change Incremental
2017-08-30 01:56:51: 删除文件 'mtp://S60_Handset/Memory card (ESD-ISO)/Python/api0.txt'
2017-08-30 01:56:51: 删除文件 'mtp://S60_Handset/Memory card (ESD-ISO)/Python/api1.txt'
2017-08-30 01:56:51: 删除文件 'mtp://S60_Handset/Memory card (ESD-ISO)/Python/captcha.png'
2017-08-30 01:56:52: 删除文件 'mtp://S60_Handset/Memory card (ESD-ISO)/Python/demo.1.py'
2017-08-30 01:56:52: 删除文件 'mtp://S60_Handset/Memory card (ESD-ISO)/Python/demo.2.py'
2017-08-30 01:56:52: 删除文件 'mtp://S60_Handset/Memory card (ESD-ISO)/Python/demo.py'
2017-08-30 01:56:52: 删除文件 'mtp://S60_Handset/Memory card (ESD-ISO)/Python/localdata.txt'
2017-08-30 01:56:52: 删除文件 'mtp://S60_Handset/Memory card (ESD-ISO)/Python/lrc_bom.lrc'
2017-08-30 01:56:52: 删除文件 'mtp://S60_Handset/Memory card (ESD-ISO)/Python/lrc_noms.lrc'
2017-08-30 01:56:52: 删除文件 'mtp://S60_Handset/Memory card (ESD-ISO)/Python/neapi.pyc'
2017-08-30 01:56:53: 删除文件 'mtp://S60_Handset/Memory card (ESD-ISO)/Python/playlist.pyc'
2017-08-30 01:56:53: 删除文件 'mtp://S60_Handset/Memory card (ESD-ISO)/Python/symbian_tools.pyc'
2017-08-30 01:56:53: 删除文件 'mtp://S60_Handset/Memory card (ESD-ISO)/Python/tools.pyc'
2017-08-30 01:56:53: 删除文件 'mtp://S60_Handset/Memory card (ESD-ISO)/Python/util.pyc'
2017-08-30 01:56:53: ===== ：同步完毕。时间：00:00:02，速度： 3.25 KB/s =====, 项目同步未必： 14，错误： 
2017-08-30 01:56:53: 
