2017-08-25 20:19:34: -- Analysis Started by User Command
2017-08-25 20:19:34: 右侧: State file does not exist in mirror: C:/Users/shunf/AppData/Roaming/GoodSync/_mirrors_/mtp-S60_Handset-Memory card (ESD-ISO)-Private-fd8f9a7e/_file_state_v4._gs
2017-08-25 20:19:36: /playlist.py: 警告：旧文件将替换新文件
2017-08-25 20:19:36: 变更：166， 冲突：， 复制时间：， 复制状态：5， 错误： , All: 175
2017-08-25 20:19:36: Left to Right: Copy File: 108 Delete File: 58 
2017-08-25 20:19:36: ----- ：分析已结束。 历时 00:00:02， 速度： 84 个文件/秒 -----
2017-08-25 20:19:36: 
2017-08-25 20:20:02: == Sync Started by User Command
2017-08-25 20:20:02: 删除文件 'mtp://S60_Handset/Memory card (ESD-ISO)/Private/fd8f9a7e/amain1.py'
2017-08-25 20:20:02: 删除文件 'mtp://S60_Handset/Memory card (ESD-ISO)/Private/fd8f9a7e/api.py'
2017-08-25 20:20:02: 删除文件 'mtp://S60_Handset/Memory card (ESD-ISO)/Private/fd8f9a7e/pic/actionbar_discover_normal.png'
2017-08-25 20:20:02: 删除文件 'mtp://S60_Handset/Memory card (ESD-ISO)/Private/fd8f9a7e/pic/fm_default_cover_largeex.scale-100.png'
2017-08-25 20:20:03: 删除文件 'mtp://S60_Handset/Memory card (ESD-ISO)/Private/fd8f9a7e/pic/list_detail_icn_fav.bmp'
2017-08-25 20:20:03: 删除文件 'mtp://S60_Handset/Memory card (ESD-ISO)/Private/fd8f9a7e/pic/list_detail_icn_fav.png'
2017-08-25 20:20:03: 删除文件 'mtp://S60_Handset/Memory card (ESD-ISO)/Private/fd8f9a7e/pic/list_detail_icn_fav_.bmp'
2017-08-25 20:20:03: 删除文件 'mtp://S60_Handset/Memory card (ESD-ISO)/Private/fd8f9a7e/pic/list_detail_icn_faved.bmp'
2017-08-25 20:20:03: 删除文件 'mtp://S60_Handset/Memory card (ESD-ISO)/Private/fd8f9a7e/pic/list_detail_icn_faved.png'
2017-08-25 20:20:03: 删除文件 'mtp://S60_Handset/Memory card (ESD-ISO)/Private/fd8f9a7e/pic/list_detail_icn_faved_.bmp'
2017-08-25 20:20:03: 删除文件 'mtp://S60_Handset/Memory card (ESD-ISO)/Private/fd8f9a7e/pic/pic.bmp'
2017-08-25 20:20:03: 删除文件 'mtp://S60_Handset/Memory card (ESD-ISO)/Private/fd8f9a7e/pic/pic.png'
2017-08-25 20:20:04: 删除文件 'mtp://S60_Handset/Memory card (ESD-ISO)/Private/fd8f9a7e/pic/play_disc.png'
2017-08-25 20:20:04: 删除文件 'mtp://S60_Handset/Memory card (ESD-ISO)/Private/fd8f9a7e/pic/play_fm_btn_love_prs.png'
2017-08-25 20:20:04: 删除文件 'mtp://S60_Handset/Memory card (ESD-ISO)/Private/fd8f9a7e/pic/play_fm_btn_loved.png'
2017-08-25 20:20:04: 删除文件 'mtp://S60_Handset/Memory card (ESD-ISO)/Private/fd8f9a7e/pic/play_fm_btn_loved_.bmp'
2017-08-25 20:20:04: 删除文件 'mtp://S60_Handset/Memory card (ESD-ISO)/Private/fd8f9a7e/pic/play_icn_cmt.bmp'
2017-08-25 20:20:04: 删除文件 'mtp://S60_Handset/Memory card (ESD-ISO)/Private/fd8f9a7e/pic/play_icn_cmt.png'
2017-08-25 20:20:04: 删除文件 'mtp://S60_Handset/Memory card (ESD-ISO)/Private/fd8f9a7e/pic/play_icn_cmt_.bmp'
2017-08-25 20:20:05: 删除文件 'mtp://S60_Handset/Memory card (ESD-ISO)/Private/fd8f9a7e/pic/play_icn_loop.bmp'
2017-08-25 20:20:05: 删除文件 'mtp://S60_Handset/Memory card (ESD-ISO)/Private/fd8f9a7e/pic/play_icn_loop.png'
2017-08-25 20:20:05: 删除文件 'mtp://S60_Handset/Memory card (ESD-ISO)/Private/fd8f9a7e/pic/play_icn_loop_.bmp'
2017-08-25 20:20:05: 删除文件 'mtp://S60_Handset/Memory card (ESD-ISO)/Private/fd8f9a7e/pic/play_icn_love.bmp'
2017-08-25 20:20:05: 删除文件 'mtp://S60_Handset/Memory card (ESD-ISO)/Private/fd8f9a7e/pic/play_icn_love.png'
2017-08-25 20:20:05: 删除文件 'mtp://S60_Handset/Memory card (ESD-ISO)/Private/fd8f9a7e/pic/play_icn_love_.bmp'
2017-08-25 20:20:05: 删除文件 'mtp://S60_Handset/Memory card (ESD-ISO)/Private/fd8f9a7e/pic/play_icn_loved.bmp'
2017-08-25 20:20:05: 删除文件 'mtp://S60_Handset/Memory card (ESD-ISO)/Private/fd8f9a7e/pic/play_icn_loved.png'
2017-08-25 20:20:05: 删除文件 'mtp://S60_Handset/Memory card (ESD-ISO)/Private/fd8f9a7e/pic/play_icn_loved_.bmp'
2017-08-25 20:20:06: 删除文件 'mtp://S60_Handset/Memory card (ESD-ISO)/Private/fd8f9a7e/pic/play_icn_one.bmp'
2017-08-25 20:20:06: 删除文件 'mtp://S60_Handset/Memory card (ESD-ISO)/Private/fd8f9a7e/pic/play_icn_one.png'
2017-08-25 20:20:06: 删除文件 'mtp://S60_Handset/Memory card (ESD-ISO)/Private/fd8f9a7e/pic/play_icn_one_.bmp'
2017-08-25 20:20:06: 删除文件 'mtp://S60_Handset/Memory card (ESD-ISO)/Private/fd8f9a7e/pic/play_icn_shuffle.bmp'
2017-08-25 20:20:06: 删除文件 'mtp://S60_Handset/Memory card (ESD-ISO)/Private/fd8f9a7e/pic/play_icn_shuffle.png'
2017-08-25 20:20:06: 删除文件 'mtp://S60_Handset/Memory card (ESD-ISO)/Private/fd8f9a7e/pic/play_icn_shuffle_.bmp'
2017-08-25 20:20:06: 删除文件 'mtp://S60_Handset/Memory card (ESD-ISO)/Private/fd8f9a7e/pic/play_needle.png'
2017-08-25 20:20:06: 删除文件 'mtp://S60_Handset/Memory card (ESD-ISO)/Private/fd8f9a7e/pic/play_needle_.png'
2017-08-25 20:20:07: 删除文件 'mtp://S60_Handset/Memory card (ESD-ISO)/Private/fd8f9a7e/pic/SplashScreen.scale-100.bmp'
2017-08-25 20:20:07: 删除文件 'mtp://S60_Handset/Memory card (ESD-ISO)/Private/fd8f9a7e/pic/SplashScreen.scale-100.png'
2017-08-25 20:20:07: 删除文件夹 'mtp://S60_Handset/Memory card (ESD-ISO)/Private/fd8f9a7e/pic'
2017-08-25 20:20:07: 删除文件 'mtp://S60_Handset/Memory card (ESD-ISO)/Private/fd8f9a7e/pic.bmp'
2017-08-25 20:20:07: 删除文件 'mtp://S60_Handset/Memory card (ESD-ISO)/Private/fd8f9a7e/simplejson/__init__.py'
2017-08-25 20:20:07: 删除文件 'mtp://S60_Handset/Memory card (ESD-ISO)/Private/fd8f9a7e/simplejson/__init__.pyc'
2017-08-25 20:20:07: 删除文件 'mtp://S60_Handset/Memory card (ESD-ISO)/Private/fd8f9a7e/simplejson/decoder.py'
2017-08-25 20:20:07: 删除文件 'mtp://S60_Handset/Memory card (ESD-ISO)/Private/fd8f9a7e/simplejson/decoder.pyc'
2017-08-25 20:20:08: 删除文件 'mtp://S60_Handset/Memory card (ESD-ISO)/Private/fd8f9a7e/simplejson/encoder.py'
2017-08-25 20:20:08: 删除文件 'mtp://S60_Handset/Memory card (ESD-ISO)/Private/fd8f9a7e/simplejson/encoder.pyc'
2017-08-25 20:20:08: 删除文件 'mtp://S60_Handset/Memory card (ESD-ISO)/Private/fd8f9a7e/simplejson/scanner.py'
2017-08-25 20:20:08: 删除文件 'mtp://S60_Handset/Memory card (ESD-ISO)/Private/fd8f9a7e/simplejson/scanner.pyc'
2017-08-25 20:20:08: 删除文件 'mtp://S60_Handset/Memory card (ESD-ISO)/Private/fd8f9a7e/simplejson/tests/__init__.py'
2017-08-25 20:20:08: 删除文件 'mtp://S60_Handset/Memory card (ESD-ISO)/Private/fd8f9a7e/simplejson/tests/test_fail.py'
2017-08-25 20:20:08: 删除文件 'mtp://S60_Handset/Memory card (ESD-ISO)/Private/fd8f9a7e/simplejson/tests/test_pass1.py'
2017-08-25 20:20:08: 删除文件 'mtp://S60_Handset/Memory card (ESD-ISO)/Private/fd8f9a7e/simplejson/tests/test_pass2.py'
2017-08-25 20:20:08: 删除文件 'mtp://S60_Handset/Memory card (ESD-ISO)/Private/fd8f9a7e/simplejson/tests/test_pass3.py'
2017-08-25 20:20:08: 删除文件 'mtp://S60_Handset/Memory card (ESD-ISO)/Private/fd8f9a7e/simplejson/tests/test_recursion.py'
2017-08-25 20:20:08: 删除文件夹 'mtp://S60_Handset/Memory card (ESD-ISO)/Private/fd8f9a7e/simplejson/tests'
2017-08-25 20:20:09: 删除文件夹 'mtp://S60_Handset/Memory card (ESD-ISO)/Private/fd8f9a7e/simplejson'
2017-08-25 20:20:09: 删除文件夹 'mtp://S60_Handset/Memory card (ESD-ISO)/Private/fd8f9a7e/system/temp'
2017-08-25 20:20:09: 删除文件夹 'mtp://S60_Handset/Memory card (ESD-ISO)/Private/fd8f9a7e/system'
2017-08-25 20:20:09: 创建文件夹 'mtp://S60_Handset/Memory card (ESD-ISO)/Private/fd8f9a7e/LIB'
2017-08-25 20:20:09: 创建文件夹 'mtp://S60_Handset/Memory card (ESD-ISO)/Private/fd8f9a7e/old'
2017-08-25 20:20:09: 创建文件夹 'mtp://S60_Handset/Memory card (ESD-ISO)/Private/fd8f9a7e/old/pic'
2017-08-25 20:20:10: 创建文件夹 'mtp://S60_Handset/Memory card (ESD-ISO)/Private/fd8f9a7e/old/simplejson'
2017-08-25 20:20:10: 创建文件夹 'mtp://S60_Handset/Memory card (ESD-ISO)/Private/fd8f9a7e/old/simplejson/tests'
2017-08-25 20:20:10: 新建复制 'D:/Projects/SymbianPython/python/2.demo.py' -> 'mtp://S60_Handset/Memory card (ESD-ISO)/Private/fd8f9a7e/2.demo.py'
2017-08-25 20:20:10: 新建复制 'D:/Projects/SymbianPython/python/3.demo.py' -> 'mtp://S60_Handset/Memory card (ESD-ISO)/Private/fd8f9a7e/3.demo.py'
2017-08-25 20:20:10: 新建复制 'D:/Projects/SymbianPython/python/captcha.png' -> 'mtp://S60_Handset/Memory card (ESD-ISO)/Private/fd8f9a7e/captcha.png'
2017-08-25 20:20:11: 新建复制 'D:/Projects/SymbianPython/python/config.txt' -> 'mtp://S60_Handset/Memory card (ESD-ISO)/Private/fd8f9a7e/config.txt'
2017-08-25 20:20:11: 覆盖复制 'D:/Projects/SymbianPython/python/default.py' -> 'mtp://S60_Handset/Memory card (ESD-ISO)/Private/fd8f9a7e/default.py'
2017-08-25 20:20:11: 新建复制 'D:/Projects/SymbianPython/python/demo.py' -> 'mtp://S60_Handset/Memory card (ESD-ISO)/Private/fd8f9a7e/demo.py'
2017-08-25 20:20:11: 新建复制 'D:/Projects/SymbianPython/python/http.txt' -> 'mtp://S60_Handset/Memory card (ESD-ISO)/Private/fd8f9a7e/http.txt'
2017-08-25 20:20:12: 新建复制 'D:/Projects/SymbianPython/python/LIB/_appuifw2.pyd' -> 'mtp://S60_Handset/Memory card (ESD-ISO)/Private/fd8f9a7e/LIB/_appuifw2.pyd'
2017-08-25 20:20:12: 新建复制 'D:/Projects/SymbianPython/python/LIB/aes.py' -> 'mtp://S60_Handset/Memory card (ESD-ISO)/Private/fd8f9a7e/LIB/aes.py'
2017-08-25 20:20:12: 新建复制 'D:/Projects/SymbianPython/python/LIB/appuifw2.pyw' -> 'mtp://S60_Handset/Memory card (ESD-ISO)/Private/fd8f9a7e/LIB/appuifw2.pyw'
2017-08-25 20:20:12: 新建复制 'D:/Projects/SymbianPython/python/LIB/ARMAES.PYD' -> 'mtp://S60_Handset/Memory card (ESD-ISO)/Private/fd8f9a7e/LIB/ARMAES.PYD'
2017-08-25 20:20:13: 新建复制 'D:/Projects/SymbianPython/python/LIB/CFileMan.pyd' -> 'mtp://S60_Handset/Memory card (ESD-ISO)/Private/fd8f9a7e/LIB/CFileMan.pyd'
2017-08-25 20:20:13: 新建复制 'D:/Projects/SymbianPython/python/LIB/CFileMan_api_en.txt' -> 'mtp://S60_Handset/Memory card (ESD-ISO)/Private/fd8f9a7e/LIB/CFileMan_api_en.txt'
2017-08-25 20:20:13: 新建复制 'D:/Projects/SymbianPython/python/LIB/FNMATCH.PY' -> 'mtp://S60_Handset/Memory card (ESD-ISO)/Private/fd8f9a7e/LIB/FNMATCH.PY'
2017-08-25 20:20:13: 新建复制 'D:/Projects/SymbianPython/python/LIB/GCCAES.PYD' -> 'mtp://S60_Handset/Memory card (ESD-ISO)/Private/fd8f9a7e/LIB/GCCAES.PYD'
2017-08-25 20:20:14: 新建复制 'D:/Projects/SymbianPython/python/LIB/GLOB.PY' -> 'mtp://S60_Handset/Memory card (ESD-ISO)/Private/fd8f9a7e/LIB/GLOB.PY'
2017-08-25 20:20:14: 新建复制 'D:/Projects/SymbianPython/python/LIB/kf__AES.PYD' -> 'mtp://S60_Handset/Memory card (ESD-ISO)/Private/fd8f9a7e/LIB/kf__AES.PYD'
2017-08-25 20:20:14: 新建复制 'D:/Projects/SymbianPython/python/LIB/kf__appuifw2.pyd' -> 'mtp://S60_Handset/Memory card (ESD-ISO)/Private/fd8f9a7e/LIB/kf__appuifw2.pyd'
2017-08-25 20:20:15: 新建复制 'D:/Projects/SymbianPython/python/LIB/kf__ujson.pyd' -> 'mtp://S60_Handset/Memory card (ESD-ISO)/Private/fd8f9a7e/LIB/kf__ujson.pyd'
2017-08-25 20:20:15: 新建复制 'D:/Projects/SymbianPython/python/LIB/kf_CFileMan.pyd' -> 'mtp://S60_Handset/Memory card (ESD-ISO)/Private/fd8f9a7e/LIB/kf_CFileMan.pyd'
2017-08-25 20:20:15: 新建复制 'D:/Projects/SymbianPython/python/LIB/PHCOMM.PY' -> 'mtp://S60_Handset/Memory card (ESD-ISO)/Private/fd8f9a7e/LIB/PHCOMM.PY'
2017-08-25 20:20:16: 新建复制 'D:/Projects/SymbianPython/python/LIB/PHCOMM.PYC' -> 'mtp://S60_Handset/Memory card (ESD-ISO)/Private/fd8f9a7e/LIB/PHCOMM.PYC'
2017-08-25 20:20:16: 新建复制 'D:/Projects/SymbianPython/python/LIB/PUSHLIB.PY' -> 'mtp://S60_Handset/Memory card (ESD-ISO)/Private/fd8f9a7e/LIB/PUSHLIB.PY'
2017-08-25 20:20:16: 新建复制 'D:/Projects/SymbianPython/python/LIB/ujson.py' -> 'mtp://S60_Handset/Memory card (ESD-ISO)/Private/fd8f9a7e/LIB/ujson.py'
2017-08-25 20:20:16: 新建复制 'D:/Projects/SymbianPython/python/localdata.txt' -> 'mtp://S60_Handset/Memory card (ESD-ISO)/Private/fd8f9a7e/localdata.txt'
2017-08-25 20:20:16: 新建复制 'D:/Projects/SymbianPython/python/log.txt' -> 'mtp://S60_Handset/Memory card (ESD-ISO)/Private/fd8f9a7e/log.txt'
2017-08-25 20:20:17: 新建复制 'D:/Projects/SymbianPython/python/neapi.py' -> 'mtp://S60_Handset/Memory card (ESD-ISO)/Private/fd8f9a7e/neapi.py'
2017-08-25 20:20:17: 新建复制 'D:/Projects/SymbianPython/python/neapi.pyc' -> 'mtp://S60_Handset/Memory card (ESD-ISO)/Private/fd8f9a7e/neapi.pyc'
2017-08-25 20:20:17: 新建复制 'D:/Projects/SymbianPython/python/nelog.pyc' -> 'mtp://S60_Handset/Memory card (ESD-ISO)/Private/fd8f9a7e/nelog.pyc'
2017-08-25 20:20:17: 新建复制 'D:/Projects/SymbianPython/python/old/api.py' -> 'mtp://S60_Handset/Memory card (ESD-ISO)/Private/fd8f9a7e/old/api.py'
2017-08-25 20:20:18: 新建复制 'D:/Projects/SymbianPython/python/old/api.pyc' -> 'mtp://S60_Handset/Memory card (ESD-ISO)/Private/fd8f9a7e/old/api.pyc'
2017-08-25 20:20:18: 新建复制 'D:/Projects/SymbianPython/python/old/appuifwtest.py' -> 'mtp://S60_Handset/Memory card (ESD-ISO)/Private/fd8f9a7e/old/appuifwtest.py'
2017-08-25 20:20:18: 新建复制 'D:/Projects/SymbianPython/python/old/default.py' -> 'mtp://S60_Handset/Memory card (ESD-ISO)/Private/fd8f9a7e/old/default.py'
2017-08-25 20:20:18: 新建复制 'D:/Projects/SymbianPython/python/old/filebrowser.py' -> 'mtp://S60_Handset/Memory card (ESD-ISO)/Private/fd8f9a7e/old/filebrowser.py'
2017-08-25 20:20:18: 新建复制 'D:/Projects/SymbianPython/python/old/fnmatch.py' -> 'mtp://S60_Handset/Memory card (ESD-ISO)/Private/fd8f9a7e/old/fnmatch.py'
2017-08-25 20:20:19: 新建复制 'D:/Projects/SymbianPython/python/old/glob.py' -> 'mtp://S60_Handset/Memory card (ESD-ISO)/Private/fd8f9a7e/old/glob.py'
2017-08-25 20:20:19: 新建复制 'D:/Projects/SymbianPython/python/old/neapi.py' -> 'mtp://S60_Handset/Memory card (ESD-ISO)/Private/fd8f9a7e/old/neapi.py'
2017-08-25 20:20:19: 新建复制 'D:/Projects/SymbianPython/python/old/phcomm.py' -> 'mtp://S60_Handset/Memory card (ESD-ISO)/Private/fd8f9a7e/old/phcomm.py'
2017-08-25 20:20:19: 新建复制 'D:/Projects/SymbianPython/python/old/phpush.py' -> 'mtp://S60_Handset/Memory card (ESD-ISO)/Private/fd8f9a7e/old/phpush.py'
2017-08-25 20:20:20: 新建复制 'D:/Projects/SymbianPython/python/old/pic/actionbar_discover_normal.png' -> 'mtp://S60_Handset/Memory card (ESD-ISO)/Private/fd8f9a7e/old/pic/actionbar_discover_normal.png'
2017-08-25 20:20:20: 新建复制 'D:/Projects/SymbianPython/python/old/pic/fm_default_cover_largeex.scale-100.png' -> 'mtp://S60_Handset/Memory card (ESD-ISO)/Private/fd8f9a7e/old/pic/fm_default_cover_largeex.scale-100.png'
2017-08-25 20:20:20: 新建复制 'D:/Projects/SymbianPython/python/old/pic/list_detail_icn_fav.bmp' -> 'mtp://S60_Handset/Memory card (ESD-ISO)/Private/fd8f9a7e/old/pic/list_detail_icn_fav.bmp'
2017-08-25 20:20:20: 新建复制 'D:/Projects/SymbianPython/python/old/pic/list_detail_icn_fav.png' -> 'mtp://S60_Handset/Memory card (ESD-ISO)/Private/fd8f9a7e/old/pic/list_detail_icn_fav.png'
2017-08-25 20:20:21: 新建复制 'D:/Projects/SymbianPython/python/old/pic/list_detail_icn_fav_.bmp' -> 'mtp://S60_Handset/Memory card (ESD-ISO)/Private/fd8f9a7e/old/pic/list_detail_icn_fav_.bmp'
2017-08-25 20:20:21: 新建复制 'D:/Projects/SymbianPython/python/old/pic/list_detail_icn_faved.bmp' -> 'mtp://S60_Handset/Memory card (ESD-ISO)/Private/fd8f9a7e/old/pic/list_detail_icn_faved.bmp'
2017-08-25 20:20:21: 新建复制 'D:/Projects/SymbianPython/python/old/pic/list_detail_icn_faved.png' -> 'mtp://S60_Handset/Memory card (ESD-ISO)/Private/fd8f9a7e/old/pic/list_detail_icn_faved.png'
2017-08-25 20:20:21: 新建复制 'D:/Projects/SymbianPython/python/old/pic/list_detail_icn_faved_.bmp' -> 'mtp://S60_Handset/Memory card (ESD-ISO)/Private/fd8f9a7e/old/pic/list_detail_icn_faved_.bmp'
2017-08-25 20:20:22: 新建复制 'D:/Projects/SymbianPython/python/old/pic/pic.bmp' -> 'mtp://S60_Handset/Memory card (ESD-ISO)/Private/fd8f9a7e/old/pic/pic.bmp'
2017-08-25 20:20:22: 新建复制 'D:/Projects/SymbianPython/python/old/pic/pic.png' -> 'mtp://S60_Handset/Memory card (ESD-ISO)/Private/fd8f9a7e/old/pic/pic.png'
2017-08-25 20:20:22: 新建复制 'D:/Projects/SymbianPython/python/old/pic/play_disc.png' -> 'mtp://S60_Handset/Memory card (ESD-ISO)/Private/fd8f9a7e/old/pic/play_disc.png'
2017-08-25 20:20:23: 新建复制 'D:/Projects/SymbianPython/python/old/pic/play_fm_btn_love_prs.png' -> 'mtp://S60_Handset/Memory card (ESD-ISO)/Private/fd8f9a7e/old/pic/play_fm_btn_love_prs.png'
2017-08-25 20:20:23: 新建复制 'D:/Projects/SymbianPython/python/old/pic/play_fm_btn_loved.png' -> 'mtp://S60_Handset/Memory card (ESD-ISO)/Private/fd8f9a7e/old/pic/play_fm_btn_loved.png'
2017-08-25 20:20:24: 新建复制 'D:/Projects/SymbianPython/python/old/pic/play_fm_btn_loved_.bmp' -> 'mtp://S60_Handset/Memory card (ESD-ISO)/Private/fd8f9a7e/old/pic/play_fm_btn_loved_.bmp'
2017-08-25 20:20:24: 新建复制 'D:/Projects/SymbianPython/python/old/pic/play_icn_cmt.bmp' -> 'mtp://S60_Handset/Memory card (ESD-ISO)/Private/fd8f9a7e/old/pic/play_icn_cmt.bmp'
2017-08-25 20:20:24: 新建复制 'D:/Projects/SymbianPython/python/old/pic/play_icn_cmt.png' -> 'mtp://S60_Handset/Memory card (ESD-ISO)/Private/fd8f9a7e/old/pic/play_icn_cmt.png'
2017-08-25 20:20:25: 新建复制 'D:/Projects/SymbianPython/python/old/pic/play_icn_cmt_.bmp' -> 'mtp://S60_Handset/Memory card (ESD-ISO)/Private/fd8f9a7e/old/pic/play_icn_cmt_.bmp'
2017-08-25 20:20:25: 新建复制 'D:/Projects/SymbianPython/python/old/pic/play_icn_loop.bmp' -> 'mtp://S60_Handset/Memory card (ESD-ISO)/Private/fd8f9a7e/old/pic/play_icn_loop.bmp'
2017-08-25 20:20:25: 新建复制 'D:/Projects/SymbianPython/python/old/pic/play_icn_loop.png' -> 'mtp://S60_Handset/Memory card (ESD-ISO)/Private/fd8f9a7e/old/pic/play_icn_loop.png'
2017-08-25 20:20:26: 新建复制 'D:/Projects/SymbianPython/python/old/pic/play_icn_loop_.bmp' -> 'mtp://S60_Handset/Memory card (ESD-ISO)/Private/fd8f9a7e/old/pic/play_icn_loop_.bmp'
2017-08-25 20:20:26: 新建复制 'D:/Projects/SymbianPython/python/old/pic/play_icn_love.bmp' -> 'mtp://S60_Handset/Memory card (ESD-ISO)/Private/fd8f9a7e/old/pic/play_icn_love.bmp'
2017-08-25 20:20:26: 新建复制 'D:/Projects/SymbianPython/python/old/pic/play_icn_love.png' -> 'mtp://S60_Handset/Memory card (ESD-ISO)/Private/fd8f9a7e/old/pic/play_icn_love.png'
2017-08-25 20:20:26: 新建复制 'D:/Projects/SymbianPython/python/old/pic/play_icn_love_.bmp' -> 'mtp://S60_Handset/Memory card (ESD-ISO)/Private/fd8f9a7e/old/pic/play_icn_love_.bmp'
2017-08-25 20:20:27: 新建复制 'D:/Projects/SymbianPython/python/old/pic/play_icn_loved.bmp' -> 'mtp://S60_Handset/Memory card (ESD-ISO)/Private/fd8f9a7e/old/pic/play_icn_loved.bmp'
2017-08-25 20:20:27: 新建复制 'D:/Projects/SymbianPython/python/old/pic/play_icn_loved.png' -> 'mtp://S60_Handset/Memory card (ESD-ISO)/Private/fd8f9a7e/old/pic/play_icn_loved.png'
2017-08-25 20:20:27: 新建复制 'D:/Projects/SymbianPython/python/old/pic/play_icn_loved_.bmp' -> 'mtp://S60_Handset/Memory card (ESD-ISO)/Private/fd8f9a7e/old/pic/play_icn_loved_.bmp'
2017-08-25 20:20:28: 新建复制 'D:/Projects/SymbianPython/python/old/pic/play_icn_one.bmp' -> 'mtp://S60_Handset/Memory card (ESD-ISO)/Private/fd8f9a7e/old/pic/play_icn_one.bmp'
2017-08-25 20:20:28: 新建复制 'D:/Projects/SymbianPython/python/old/pic/play_icn_one.png' -> 'mtp://S60_Handset/Memory card (ESD-ISO)/Private/fd8f9a7e/old/pic/play_icn_one.png'
2017-08-25 20:20:28: 新建复制 'D:/Projects/SymbianPython/python/old/pic/play_icn_one_.bmp' -> 'mtp://S60_Handset/Memory card (ESD-ISO)/Private/fd8f9a7e/old/pic/play_icn_one_.bmp'
2017-08-25 20:20:29: 新建复制 'D:/Projects/SymbianPython/python/old/pic/play_icn_shuffle.bmp' -> 'mtp://S60_Handset/Memory card (ESD-ISO)/Private/fd8f9a7e/old/pic/play_icn_shuffle.bmp'
2017-08-25 20:20:29: 新建复制 'D:/Projects/SymbianPython/python/old/pic/play_icn_shuffle.png' -> 'mtp://S60_Handset/Memory card (ESD-ISO)/Private/fd8f9a7e/old/pic/play_icn_shuffle.png'
2017-08-25 20:20:29: 新建复制 'D:/Projects/SymbianPython/python/old/pic/play_icn_shuffle_.bmp' -> 'mtp://S60_Handset/Memory card (ESD-ISO)/Private/fd8f9a7e/old/pic/play_icn_shuffle_.bmp'
2017-08-25 20:20:29: 新建复制 'D:/Projects/SymbianPython/python/old/pic/play_needle.png' -> 'mtp://S60_Handset/Memory card (ESD-ISO)/Private/fd8f9a7e/old/pic/play_needle.png'
2017-08-25 20:20:30: 新建复制 'D:/Projects/SymbianPython/python/old/pic/play_needle_.png' -> 'mtp://S60_Handset/Memory card (ESD-ISO)/Private/fd8f9a7e/old/pic/play_needle_.png'
2017-08-25 20:20:30: 新建复制 'D:/Projects/SymbianPython/python/old/pic/SplashScreen.scale-100.bmp' -> 'mtp://S60_Handset/Memory card (ESD-ISO)/Private/fd8f9a7e/old/pic/SplashScreen.scale-100.bmp'
2017-08-25 20:20:30: 新建复制 'D:/Projects/SymbianPython/python/old/pic/SplashScreen.scale-100.png' -> 'mtp://S60_Handset/Memory card (ESD-ISO)/Private/fd8f9a7e/old/pic/SplashScreen.scale-100.png'
2017-08-25 20:20:30: 新建复制 'D:/Projects/SymbianPython/python/old/pic.bmp' -> 'mtp://S60_Handset/Memory card (ESD-ISO)/Private/fd8f9a7e/old/pic.bmp'
2017-08-25 20:20:31: 新建复制 'D:/Projects/SymbianPython/python/old/playlist.py' -> 'mtp://S60_Handset/Memory card (ESD-ISO)/Private/fd8f9a7e/old/playlist.py'
2017-08-25 20:20:31: 新建复制 'D:/Projects/SymbianPython/python/old/pushlib.py' -> 'mtp://S60_Handset/Memory card (ESD-ISO)/Private/fd8f9a7e/old/pushlib.py'
2017-08-25 20:20:31: 新建复制 'D:/Projects/SymbianPython/python/old/simplejson/__init__.py' -> 'mtp://S60_Handset/Memory card (ESD-ISO)/Private/fd8f9a7e/old/simplejson/__init__.py'
2017-08-25 20:20:31: 新建复制 'D:/Projects/SymbianPython/python/old/simplejson/__init__.pyc' -> 'mtp://S60_Handset/Memory card (ESD-ISO)/Private/fd8f9a7e/old/simplejson/__init__.pyc'
2017-08-25 20:20:32: 新建复制 'D:/Projects/SymbianPython/python/old/simplejson/decoder.py' -> 'mtp://S60_Handset/Memory card (ESD-ISO)/Private/fd8f9a7e/old/simplejson/decoder.py'
2017-08-25 20:20:32: 新建复制 'D:/Projects/SymbianPython/python/old/simplejson/decoder.pyc' -> 'mtp://S60_Handset/Memory card (ESD-ISO)/Private/fd8f9a7e/old/simplejson/decoder.pyc'
2017-08-25 20:20:32: 新建复制 'D:/Projects/SymbianPython/python/old/simplejson/encoder.py' -> 'mtp://S60_Handset/Memory card (ESD-ISO)/Private/fd8f9a7e/old/simplejson/encoder.py'
2017-08-25 20:20:33: 新建复制 'D:/Projects/SymbianPython/python/old/simplejson/encoder.pyc' -> 'mtp://S60_Handset/Memory card (ESD-ISO)/Private/fd8f9a7e/old/simplejson/encoder.pyc'
2017-08-25 20:20:33: 新建复制 'D:/Projects/SymbianPython/python/old/simplejson/scanner.py' -> 'mtp://S60_Handset/Memory card (ESD-ISO)/Private/fd8f9a7e/old/simplejson/scanner.py'
2017-08-25 20:20:33: 新建复制 'D:/Projects/SymbianPython/python/old/simplejson/scanner.pyc' -> 'mtp://S60_Handset/Memory card (ESD-ISO)/Private/fd8f9a7e/old/simplejson/scanner.pyc'
2017-08-25 20:20:33: 新建复制 'D:/Projects/SymbianPython/python/old/simplejson/tests/__init__.py' -> 'mtp://S60_Handset/Memory card (ESD-ISO)/Private/fd8f9a7e/old/simplejson/tests/__init__.py'
2017-08-25 20:20:34: 新建复制 'D:/Projects/SymbianPython/python/old/simplejson/tests/test_fail.py' -> 'mtp://S60_Handset/Memory card (ESD-ISO)/Private/fd8f9a7e/old/simplejson/tests/test_fail.py'
2017-08-25 20:20:34: 新建复制 'D:/Projects/SymbianPython/python/old/simplejson/tests/test_pass1.py' -> 'mtp://S60_Handset/Memory card (ESD-ISO)/Private/fd8f9a7e/old/simplejson/tests/test_pass1.py'
2017-08-25 20:20:34: 新建复制 'D:/Projects/SymbianPython/python/old/simplejson/tests/test_pass2.py' -> 'mtp://S60_Handset/Memory card (ESD-ISO)/Private/fd8f9a7e/old/simplejson/tests/test_pass2.py'
2017-08-25 20:20:35: 新建复制 'D:/Projects/SymbianPython/python/old/simplejson/tests/test_pass3.py' -> 'mtp://S60_Handset/Memory card (ESD-ISO)/Private/fd8f9a7e/old/simplejson/tests/test_pass3.py'
2017-08-25 20:20:35: 新建复制 'D:/Projects/SymbianPython/python/old/simplejson/tests/test_recursion.py' -> 'mtp://S60_Handset/Memory card (ESD-ISO)/Private/fd8f9a7e/old/simplejson/tests/test_recursion.py'
2017-08-25 20:20:35: 新建复制 'D:/Projects/SymbianPython/python/old/util.py' -> 'mtp://S60_Handset/Memory card (ESD-ISO)/Private/fd8f9a7e/old/util.py'
2017-08-25 20:20:36: 新建复制 'D:/Projects/SymbianPython/python/PHPUSH.PY' -> 'mtp://S60_Handset/Memory card (ESD-ISO)/Private/fd8f9a7e/PHPUSH.PY'
2017-08-25 20:20:36: 覆盖复制 'D:/Projects/SymbianPython/python/playlist.py' -> 'mtp://S60_Handset/Memory card (ESD-ISO)/Private/fd8f9a7e/playlist.py'
2017-08-25 20:20:36: 新建复制 'D:/Projects/SymbianPython/python/playlist.pyc' -> 'mtp://S60_Handset/Memory card (ESD-ISO)/Private/fd8f9a7e/playlist.pyc'
2017-08-25 20:20:37: 新建复制 'D:/Projects/SymbianPython/python/symbian_tools.py' -> 'mtp://S60_Handset/Memory card (ESD-ISO)/Private/fd8f9a7e/symbian_tools.py'
2017-08-25 20:20:37: 新建复制 'D:/Projects/SymbianPython/python/symbian_tools.pyc' -> 'mtp://S60_Handset/Memory card (ESD-ISO)/Private/fd8f9a7e/symbian_tools.pyc'
2017-08-25 20:20:38: 新建复制 'D:/Projects/SymbianPython/python/tmp.txt' -> 'mtp://S60_Handset/Memory card (ESD-ISO)/Private/fd8f9a7e/tmp.txt'
2017-08-25 20:20:38: 新建复制 'D:/Projects/SymbianPython/python/tools.py' -> 'mtp://S60_Handset/Memory card (ESD-ISO)/Private/fd8f9a7e/tools.py'
2017-08-25 20:20:38: 新建复制 'D:/Projects/SymbianPython/python/tools.pyc' -> 'mtp://S60_Handset/Memory card (ESD-ISO)/Private/fd8f9a7e/tools.pyc'
2017-08-25 20:20:39: 覆盖复制 'D:/Projects/SymbianPython/python/util.py' -> 'mtp://S60_Handset/Memory card (ESD-ISO)/Private/fd8f9a7e/util.py'
2017-08-25 20:20:39: 新建复制 'D:/Projects/SymbianPython/python/work.txt' -> 'mtp://S60_Handset/Memory card (ESD-ISO)/Private/fd8f9a7e/work.txt'
2017-08-25 20:20:40: ===== ：同步完毕。时间：00:00:38，速度： 41.8 KB/s =====, 项目同步未必： 171，错误： 
2017-08-25 20:20:40: 
