2017-08-25 20:48:48: -- Analysis Started by User Command
2017-08-25 20:48:52: /default.py: L:Body<>; R:Body<>; 冲突：文件两侧都进行了改动
2017-08-25 20:48:52: Do Not Propagate Deletions in 2-way job is not allowed and therefore ignored, as Deletions are always propagated in 2-way jobs
2017-08-25 20:48:52: 分析完毕并发现冲突情况。如需解决冲突请选择正常的同步方向。
2017-08-25 20:48:52: 变更：44， 冲突：1， 复制时间：， 复制状态：， 错误： , All: 180
2017-08-25 20:48:52: Right to Left: Copy File: 3 Delete File: 40 
2017-08-25 20:48:52: ----- ：分析已结束。 历时 00:00:06， 速度： 25 个文件/秒 -----
2017-08-25 20:48:52: 
2017-08-25 20:48:59: === User Changed Action from 'CONFLICT' to 'COPY_FILE_LTOR' on item /default.py
2017-08-25 20:48:59: Done.
2017-08-25 20:49:11: === User Changed Action from 'COPY_FILE_RTOL' to 'COPY_FILE_LTOR' on item /pic
2017-08-25 20:49:11: === User Changed Action from 'COPY_FILE_RTOL' to 'COPY_FILE_LTOR' on item /pic/actionbar_discover_normal.png
2017-08-25 20:49:11: === User Changed Action from 'COPY_FILE_RTOL' to 'COPY_FILE_LTOR' on item /pic/fm_default_cover_largeex.scale-100.png
2017-08-25 20:49:11: === User Changed Action from 'COPY_FILE_RTOL' to 'COPY_FILE_LTOR' on item /pic/list_detail_icn_fav.bmp
2017-08-25 20:49:11: === User Changed Action from 'COPY_FILE_RTOL' to 'COPY_FILE_LTOR' on item /pic/list_detail_icn_fav.png
2017-08-25 20:49:11: === User Changed Action from 'COPY_FILE_RTOL' to 'COPY_FILE_LTOR' on item /pic/list_detail_icn_fav_.bmp
2017-08-25 20:49:11: === User Changed Action from 'COPY_FILE_RTOL' to 'COPY_FILE_LTOR' on item /pic/list_detail_icn_faved.bmp
2017-08-25 20:49:11: === User Changed Action from 'COPY_FILE_RTOL' to 'COPY_FILE_LTOR' on item /pic/list_detail_icn_faved.png
2017-08-25 20:49:11: === User Changed Action from 'COPY_FILE_RTOL' to 'COPY_FILE_LTOR' on item /pic/list_detail_icn_faved_.bmp
2017-08-25 20:49:11: === User Changed Action from 'COPY_FILE_RTOL' to 'COPY_FILE_LTOR' on item /pic/pic.bmp
2017-08-25 20:49:11: === User Changed Action from 'COPY_FILE_RTOL' to 'COPY_FILE_LTOR' on item /pic/pic.png
2017-08-25 20:49:11: === User Changed Action from 'COPY_FILE_RTOL' to 'COPY_FILE_LTOR' on item /pic/play_disc.png
2017-08-25 20:49:11: === User Changed Action from 'COPY_FILE_RTOL' to 'COPY_FILE_LTOR' on item /pic/play_fm_btn_love_prs.png
2017-08-25 20:49:11: === User Changed Action from 'COPY_FILE_RTOL' to 'COPY_FILE_LTOR' on item /pic/play_fm_btn_loved.png
2017-08-25 20:49:11: === User Changed Action from 'COPY_FILE_RTOL' to 'COPY_FILE_LTOR' on item /pic/play_fm_btn_loved_.bmp
2017-08-25 20:49:11: === User Changed Action from 'COPY_FILE_RTOL' to 'COPY_FILE_LTOR' on item /pic/play_icn_cmt.bmp
2017-08-25 20:49:11: === User Changed Action from 'COPY_FILE_RTOL' to 'COPY_FILE_LTOR' on item /pic/play_icn_cmt.png
2017-08-25 20:49:11: === User Changed Action from 'COPY_FILE_RTOL' to 'COPY_FILE_LTOR' on item /pic/play_icn_cmt_.bmp
2017-08-25 20:49:11: === User Changed Action from 'COPY_FILE_RTOL' to 'COPY_FILE_LTOR' on item /pic/play_icn_loop.bmp
2017-08-25 20:49:11: === User Changed Action from 'COPY_FILE_RTOL' to 'COPY_FILE_LTOR' on item /pic/play_icn_loop.png
2017-08-25 20:49:11: === User Changed Action from 'COPY_FILE_RTOL' to 'COPY_FILE_LTOR' on item /pic/play_icn_loop_.bmp
2017-08-25 20:49:11: === User Changed Action from 'COPY_FILE_RTOL' to 'COPY_FILE_LTOR' on item /pic/play_icn_love.bmp
2017-08-25 20:49:11: === User Changed Action from 'COPY_FILE_RTOL' to 'COPY_FILE_LTOR' on item /pic/play_icn_love.png
2017-08-25 20:49:11: === User Changed Action from 'COPY_FILE_RTOL' to 'COPY_FILE_LTOR' on item /pic/play_icn_love_.bmp
2017-08-25 20:49:11: === User Changed Action from 'COPY_FILE_RTOL' to 'COPY_FILE_LTOR' on item /pic/play_icn_loved.bmp
2017-08-25 20:49:11: === User Changed Action from 'COPY_FILE_RTOL' to 'COPY_FILE_LTOR' on item /pic/play_icn_loved.png
2017-08-25 20:49:11: === User Changed Action from 'COPY_FILE_RTOL' to 'COPY_FILE_LTOR' on item /pic/play_icn_loved_.bmp
2017-08-25 20:49:11: === User Changed Action from 'COPY_FILE_RTOL' to 'COPY_FILE_LTOR' on item /pic/play_icn_one.bmp
2017-08-25 20:49:11: === User Changed Action from 'COPY_FILE_RTOL' to 'COPY_FILE_LTOR' on item /pic/play_icn_one.png
2017-08-25 20:49:11: === User Changed Action from 'COPY_FILE_RTOL' to 'COPY_FILE_LTOR' on item /pic/play_icn_one_.bmp
2017-08-25 20:49:11: === User Changed Action from 'COPY_FILE_RTOL' to 'COPY_FILE_LTOR' on item /pic/play_icn_shuffle.bmp
2017-08-25 20:49:11: === User Changed Action from 'COPY_FILE_RTOL' to 'COPY_FILE_LTOR' on item /pic/play_icn_shuffle.png
2017-08-25 20:49:11: === User Changed Action from 'COPY_FILE_RTOL' to 'COPY_FILE_LTOR' on item /pic/play_icn_shuffle_.bmp
2017-08-25 20:49:11: === User Changed Action from 'COPY_FILE_RTOL' to 'COPY_FILE_LTOR' on item /pic/play_needle.png
2017-08-25 20:49:11: === User Changed Action from 'COPY_FILE_RTOL' to 'COPY_FILE_LTOR' on item /pic/play_needle_.png
2017-08-25 20:49:11: === User Changed Action from 'COPY_FILE_RTOL' to 'COPY_FILE_LTOR' on item /pic/SplashScreen.scale-100.bmp
2017-08-25 20:49:11: === User Changed Action from 'COPY_FILE_RTOL' to 'COPY_FILE_LTOR' on item /pic/SplashScreen.scale-100.png
2017-08-25 20:49:11: Done.
2017-08-25 20:49:18: === User Changed Action from 'COPY_FILE_RTOL' to 'COPY_FILE_LTOR' on item /pic.bmp
2017-08-25 20:49:18: Done.
2017-08-25 20:49:19: === User Changed Action from 'COPY_FILE_RTOL' to 'COPY_FILE_LTOR' on item /playlist.py
2017-08-25 20:49:19: Done.
2017-08-25 20:49:19: === User Changed Action from 'COPY_FILE_RTOL' to 'COPY_FILE_LTOR' on item /util.py
2017-08-25 20:49:19: Done.
2017-08-25 20:49:25: === User Changed Action from 'COPY_FILE_RTOL' to 'COPY_FILE_LTOR' on item /white-list.cfg
2017-08-25 20:49:25: Done.
2017-08-25 20:49:26: === User Reverts Action from 'COPY_FILE_LTOR' to 'COPY_FILE_RTOL' on item /white-list.cfg
2017-08-25 20:49:26: Done.
2017-08-25 20:49:34: == Sync Started by User Command
2017-08-25 20:49:35: 创建文件夹 'mtp://S60_Handset/Memory card (ESD-ISO)/Private/fd8f9a7e/pic' (User Action)
2017-08-25 20:49:35: 覆盖复制 'D:/Projects/SymbianPython/python/default.py' -> 'mtp://S60_Handset/Memory card (ESD-ISO)/Private/fd8f9a7e/default.py' (User Action)
2017-08-25 20:49:35: 新建复制 'mtp://S60_Handset/Memory card (ESD-ISO)/Private/fd8f9a7e/launcher.py' -> 'D:/Projects/SymbianPython/python/launcher.py'
2017-08-25 20:49:35: 新建复制 'mtp://S60_Handset/Memory card (ESD-ISO)/Private/fd8f9a7e/lib.zip' -> 'D:/Projects/SymbianPython/python/lib.zip'
2017-08-25 20:49:36: 新建复制 'D:/Projects/SymbianPython/python/pic/actionbar_discover_normal.png' -> 'mtp://S60_Handset/Memory card (ESD-ISO)/Private/fd8f9a7e/pic/actionbar_discover_normal.png' (User Action)
2017-08-25 20:49:36: 新建复制 'D:/Projects/SymbianPython/python/pic/fm_default_cover_largeex.scale-100.png' -> 'mtp://S60_Handset/Memory card (ESD-ISO)/Private/fd8f9a7e/pic/fm_default_cover_largeex.scale-100.png' (User Action)
2017-08-25 20:49:36: 新建复制 'D:/Projects/SymbianPython/python/pic/list_detail_icn_fav.bmp' -> 'mtp://S60_Handset/Memory card (ESD-ISO)/Private/fd8f9a7e/pic/list_detail_icn_fav.bmp' (User Action)
2017-08-25 20:49:37: 新建复制 'D:/Projects/SymbianPython/python/pic/list_detail_icn_fav.png' -> 'mtp://S60_Handset/Memory card (ESD-ISO)/Private/fd8f9a7e/pic/list_detail_icn_fav.png' (User Action)
2017-08-25 20:49:38: 新建复制 'D:/Projects/SymbianPython/python/pic/list_detail_icn_fav_.bmp' -> 'mtp://S60_Handset/Memory card (ESD-ISO)/Private/fd8f9a7e/pic/list_detail_icn_fav_.bmp' (User Action)
2017-08-25 20:49:38: 新建复制 'D:/Projects/SymbianPython/python/pic/list_detail_icn_faved.bmp' -> 'mtp://S60_Handset/Memory card (ESD-ISO)/Private/fd8f9a7e/pic/list_detail_icn_faved.bmp' (User Action)
2017-08-25 20:49:38: 新建复制 'D:/Projects/SymbianPython/python/pic/list_detail_icn_faved.png' -> 'mtp://S60_Handset/Memory card (ESD-ISO)/Private/fd8f9a7e/pic/list_detail_icn_faved.png' (User Action)
2017-08-25 20:49:38: 新建复制 'D:/Projects/SymbianPython/python/pic/list_detail_icn_faved_.bmp' -> 'mtp://S60_Handset/Memory card (ESD-ISO)/Private/fd8f9a7e/pic/list_detail_icn_faved_.bmp' (User Action)
2017-08-25 20:49:39: 新建复制 'D:/Projects/SymbianPython/python/pic/pic.bmp' -> 'mtp://S60_Handset/Memory card (ESD-ISO)/Private/fd8f9a7e/pic/pic.bmp' (User Action)
2017-08-25 20:49:39: 新建复制 'D:/Projects/SymbianPython/python/pic/pic.png' -> 'mtp://S60_Handset/Memory card (ESD-ISO)/Private/fd8f9a7e/pic/pic.png' (User Action)
2017-08-25 20:49:39: 新建复制 'D:/Projects/SymbianPython/python/pic/play_disc.png' -> 'mtp://S60_Handset/Memory card (ESD-ISO)/Private/fd8f9a7e/pic/play_disc.png' (User Action)
2017-08-25 20:49:40: 新建复制 'D:/Projects/SymbianPython/python/pic/play_fm_btn_love_prs.png' -> 'mtp://S60_Handset/Memory card (ESD-ISO)/Private/fd8f9a7e/pic/play_fm_btn_love_prs.png' (User Action)
2017-08-25 20:49:40: 新建复制 'D:/Projects/SymbianPython/python/pic/play_fm_btn_loved.png' -> 'mtp://S60_Handset/Memory card (ESD-ISO)/Private/fd8f9a7e/pic/play_fm_btn_loved.png' (User Action)
2017-08-25 20:49:40: 新建复制 'D:/Projects/SymbianPython/python/pic/play_fm_btn_loved_.bmp' -> 'mtp://S60_Handset/Memory card (ESD-ISO)/Private/fd8f9a7e/pic/play_fm_btn_loved_.bmp' (User Action)
2017-08-25 20:49:40: 新建复制 'D:/Projects/SymbianPython/python/pic/play_icn_cmt.bmp' -> 'mtp://S60_Handset/Memory card (ESD-ISO)/Private/fd8f9a7e/pic/play_icn_cmt.bmp' (User Action)
2017-08-25 20:49:41: 新建复制 'D:/Projects/SymbianPython/python/pic/play_icn_cmt.png' -> 'mtp://S60_Handset/Memory card (ESD-ISO)/Private/fd8f9a7e/pic/play_icn_cmt.png' (User Action)
2017-08-25 20:49:41: 新建复制 'D:/Projects/SymbianPython/python/pic/play_icn_cmt_.bmp' -> 'mtp://S60_Handset/Memory card (ESD-ISO)/Private/fd8f9a7e/pic/play_icn_cmt_.bmp' (User Action)
2017-08-25 20:49:41: 新建复制 'D:/Projects/SymbianPython/python/pic/play_icn_loop.bmp' -> 'mtp://S60_Handset/Memory card (ESD-ISO)/Private/fd8f9a7e/pic/play_icn_loop.bmp' (User Action)
2017-08-25 20:49:42: 新建复制 'D:/Projects/SymbianPython/python/pic/play_icn_loop.png' -> 'mtp://S60_Handset/Memory card (ESD-ISO)/Private/fd8f9a7e/pic/play_icn_loop.png' (User Action)
2017-08-25 20:49:42: 新建复制 'D:/Projects/SymbianPython/python/pic/play_icn_loop_.bmp' -> 'mtp://S60_Handset/Memory card (ESD-ISO)/Private/fd8f9a7e/pic/play_icn_loop_.bmp' (User Action)
2017-08-25 20:49:43: 新建复制 'D:/Projects/SymbianPython/python/pic/play_icn_love.bmp' -> 'mtp://S60_Handset/Memory card (ESD-ISO)/Private/fd8f9a7e/pic/play_icn_love.bmp' (User Action)
2017-08-25 20:49:43: 新建复制 'D:/Projects/SymbianPython/python/pic/play_icn_love.png' -> 'mtp://S60_Handset/Memory card (ESD-ISO)/Private/fd8f9a7e/pic/play_icn_love.png' (User Action)
2017-08-25 20:49:43: 新建复制 'D:/Projects/SymbianPython/python/pic/play_icn_love_.bmp' -> 'mtp://S60_Handset/Memory card (ESD-ISO)/Private/fd8f9a7e/pic/play_icn_love_.bmp' (User Action)
2017-08-25 20:49:44: 新建复制 'D:/Projects/SymbianPython/python/pic/play_icn_loved.bmp' -> 'mtp://S60_Handset/Memory card (ESD-ISO)/Private/fd8f9a7e/pic/play_icn_loved.bmp' (User Action)
2017-08-25 20:49:44: 新建复制 'D:/Projects/SymbianPython/python/pic/play_icn_loved.png' -> 'mtp://S60_Handset/Memory card (ESD-ISO)/Private/fd8f9a7e/pic/play_icn_loved.png' (User Action)
2017-08-25 20:49:44: 新建复制 'D:/Projects/SymbianPython/python/pic/play_icn_loved_.bmp' -> 'mtp://S60_Handset/Memory card (ESD-ISO)/Private/fd8f9a7e/pic/play_icn_loved_.bmp' (User Action)
2017-08-25 20:49:45: 新建复制 'D:/Projects/SymbianPython/python/pic/play_icn_one.bmp' -> 'mtp://S60_Handset/Memory card (ESD-ISO)/Private/fd8f9a7e/pic/play_icn_one.bmp' (User Action)
2017-08-25 20:49:45: 新建复制 'D:/Projects/SymbianPython/python/pic/play_icn_one.png' -> 'mtp://S60_Handset/Memory card (ESD-ISO)/Private/fd8f9a7e/pic/play_icn_one.png' (User Action)
2017-08-25 20:49:45: 新建复制 'D:/Projects/SymbianPython/python/pic/play_icn_one_.bmp' -> 'mtp://S60_Handset/Memory card (ESD-ISO)/Private/fd8f9a7e/pic/play_icn_one_.bmp' (User Action)
2017-08-25 20:49:46: 新建复制 'D:/Projects/SymbianPython/python/pic/play_icn_shuffle.bmp' -> 'mtp://S60_Handset/Memory card (ESD-ISO)/Private/fd8f9a7e/pic/play_icn_shuffle.bmp' (User Action)
2017-08-25 20:49:46: 新建复制 'D:/Projects/SymbianPython/python/pic/play_icn_shuffle.png' -> 'mtp://S60_Handset/Memory card (ESD-ISO)/Private/fd8f9a7e/pic/play_icn_shuffle.png' (User Action)
2017-08-25 20:49:46: 新建复制 'D:/Projects/SymbianPython/python/pic/play_icn_shuffle_.bmp' -> 'mtp://S60_Handset/Memory card (ESD-ISO)/Private/fd8f9a7e/pic/play_icn_shuffle_.bmp' (User Action)
2017-08-25 20:49:47: 新建复制 'D:/Projects/SymbianPython/python/pic/play_needle.png' -> 'mtp://S60_Handset/Memory card (ESD-ISO)/Private/fd8f9a7e/pic/play_needle.png' (User Action)
2017-08-25 20:49:47: 新建复制 'D:/Projects/SymbianPython/python/pic/play_needle_.png' -> 'mtp://S60_Handset/Memory card (ESD-ISO)/Private/fd8f9a7e/pic/play_needle_.png' (User Action)
2017-08-25 20:49:47: 新建复制 'D:/Projects/SymbianPython/python/pic/SplashScreen.scale-100.bmp' -> 'mtp://S60_Handset/Memory card (ESD-ISO)/Private/fd8f9a7e/pic/SplashScreen.scale-100.bmp' (User Action)
2017-08-25 20:49:48: 新建复制 'D:/Projects/SymbianPython/python/pic/SplashScreen.scale-100.png' -> 'mtp://S60_Handset/Memory card (ESD-ISO)/Private/fd8f9a7e/pic/SplashScreen.scale-100.png' (User Action)
2017-08-25 20:49:48: 新建复制 'D:/Projects/SymbianPython/python/pic.bmp' -> 'mtp://S60_Handset/Memory card (ESD-ISO)/Private/fd8f9a7e/pic.bmp' (User Action)
2017-08-25 20:49:48: 新建复制 'D:/Projects/SymbianPython/python/playlist.py' -> 'mtp://S60_Handset/Memory card (ESD-ISO)/Private/fd8f9a7e/playlist.py' (User Action)
2017-08-25 20:49:48: 新建复制 'D:/Projects/SymbianPython/python/util.py' -> 'mtp://S60_Handset/Memory card (ESD-ISO)/Private/fd8f9a7e/util.py' (User Action)
2017-08-25 20:49:49: 新建复制 'mtp://S60_Handset/Memory card (ESD-ISO)/Private/fd8f9a7e/white-list.cfg' -> 'D:/Projects/SymbianPython/python/white-list.cfg'
2017-08-25 20:49:49: ===== ：同步完毕。时间：00:00:15，速度： 44.8 KB/s =====, 项目同步未必： 44，错误： 
2017-08-25 20:49:49: 
