2017-08-26 17:54:34: -- Analysis Started by On File Change Incremental
2017-08-26 17:54:34: 变更：67， 冲突：， 复制时间：， 复制状态：， 错误： , All: 204
2017-08-26 17:54:34: Left to Right: Delete File: 67 
2017-08-26 17:54:34: == Sync Started by On File Change Incremental
2017-08-26 17:54:35: 删除文件 'mtp://S60_Handset/Memory card (ESD-ISO)/Private/fd8f9a7e/old/api.py'
2017-08-26 17:54:35: 删除文件 'mtp://S60_Handset/Memory card (ESD-ISO)/Private/fd8f9a7e/old/api.pyc'
2017-08-26 17:54:35: 删除文件 'mtp://S60_Handset/Memory card (ESD-ISO)/Private/fd8f9a7e/old/appuifwtest.py'
2017-08-26 17:54:35: 删除文件 'mtp://S60_Handset/Memory card (ESD-ISO)/Private/fd8f9a7e/old/default.py'
2017-08-26 17:54:35: 删除文件 'mtp://S60_Handset/Memory card (ESD-ISO)/Private/fd8f9a7e/old/filebrowser.py'
2017-08-26 17:54:36: 删除文件 'mtp://S60_Handset/Memory card (ESD-ISO)/Private/fd8f9a7e/old/fnmatch.py'
2017-08-26 17:54:36: 删除文件 'mtp://S60_Handset/Memory card (ESD-ISO)/Private/fd8f9a7e/old/glob.py'
2017-08-26 17:54:36: 删除文件 'mtp://S60_Handset/Memory card (ESD-ISO)/Private/fd8f9a7e/old/phcomm.py'
2017-08-26 17:54:36: 删除文件 'mtp://S60_Handset/Memory card (ESD-ISO)/Private/fd8f9a7e/old/phpush.py'
2017-08-26 17:54:36: 删除文件 'mtp://S60_Handset/Memory card (ESD-ISO)/Private/fd8f9a7e/old/pic/actionbar_discover_normal.png'
2017-08-26 17:54:36: 删除文件 'mtp://S60_Handset/Memory card (ESD-ISO)/Private/fd8f9a7e/old/pic/fm_default_cover_largeex.scale-100.png'
2017-08-26 17:54:36: 删除文件 'mtp://S60_Handset/Memory card (ESD-ISO)/Private/fd8f9a7e/old/pic/list_detail_icn_fav.bmp'
2017-08-26 17:54:37: 删除文件 'mtp://S60_Handset/Memory card (ESD-ISO)/Private/fd8f9a7e/old/pic/list_detail_icn_fav.png'
2017-08-26 17:54:37: 删除文件 'mtp://S60_Handset/Memory card (ESD-ISO)/Private/fd8f9a7e/old/pic/list_detail_icn_fav_.bmp'
2017-08-26 17:54:37: 删除文件 'mtp://S60_Handset/Memory card (ESD-ISO)/Private/fd8f9a7e/old/pic/list_detail_icn_faved.bmp'
2017-08-26 17:54:37: 删除文件 'mtp://S60_Handset/Memory card (ESD-ISO)/Private/fd8f9a7e/old/pic/list_detail_icn_faved.png'
2017-08-26 17:54:37: 删除文件 'mtp://S60_Handset/Memory card (ESD-ISO)/Private/fd8f9a7e/old/pic/list_detail_icn_faved_.bmp'
2017-08-26 17:54:38: 删除文件 'mtp://S60_Handset/Memory card (ESD-ISO)/Private/fd8f9a7e/old/pic/pic.bmp'
2017-08-26 17:54:38: 删除文件 'mtp://S60_Handset/Memory card (ESD-ISO)/Private/fd8f9a7e/old/pic/pic.png'
2017-08-26 17:54:38: 删除文件 'mtp://S60_Handset/Memory card (ESD-ISO)/Private/fd8f9a7e/old/pic/play_disc.png'
2017-08-26 17:54:38: 删除文件 'mtp://S60_Handset/Memory card (ESD-ISO)/Private/fd8f9a7e/old/pic/play_fm_btn_love_prs.png'
2017-08-26 17:54:38: 删除文件 'mtp://S60_Handset/Memory card (ESD-ISO)/Private/fd8f9a7e/old/pic/play_fm_btn_loved.png'
2017-08-26 17:54:38: 删除文件 'mtp://S60_Handset/Memory card (ESD-ISO)/Private/fd8f9a7e/old/pic/play_fm_btn_loved_.bmp'
2017-08-26 17:54:38: 删除文件 'mtp://S60_Handset/Memory card (ESD-ISO)/Private/fd8f9a7e/old/pic/play_icn_cmt.bmp'
2017-08-26 17:54:38: 删除文件 'mtp://S60_Handset/Memory card (ESD-ISO)/Private/fd8f9a7e/old/pic/play_icn_cmt.png'
2017-08-26 17:54:39: 删除文件 'mtp://S60_Handset/Memory card (ESD-ISO)/Private/fd8f9a7e/old/pic/play_icn_cmt_.bmp'
2017-08-26 17:54:39: 删除文件 'mtp://S60_Handset/Memory card (ESD-ISO)/Private/fd8f9a7e/old/pic/play_icn_loop.bmp'
2017-08-26 17:54:39: 删除文件 'mtp://S60_Handset/Memory card (ESD-ISO)/Private/fd8f9a7e/old/pic/play_icn_loop.png'
2017-08-26 17:54:39: 删除文件 'mtp://S60_Handset/Memory card (ESD-ISO)/Private/fd8f9a7e/old/pic/play_icn_loop_.bmp'
2017-08-26 17:54:39: 删除文件 'mtp://S60_Handset/Memory card (ESD-ISO)/Private/fd8f9a7e/old/pic/play_icn_love.bmp'
2017-08-26 17:54:39: 删除文件 'mtp://S60_Handset/Memory card (ESD-ISO)/Private/fd8f9a7e/old/pic/play_icn_love.png'
2017-08-26 17:54:39: 删除文件 'mtp://S60_Handset/Memory card (ESD-ISO)/Private/fd8f9a7e/old/pic/play_icn_love_.bmp'
2017-08-26 17:54:39: 删除文件 'mtp://S60_Handset/Memory card (ESD-ISO)/Private/fd8f9a7e/old/pic/play_icn_loved.bmp'
2017-08-26 17:54:40: 删除文件 'mtp://S60_Handset/Memory card (ESD-ISO)/Private/fd8f9a7e/old/pic/play_icn_loved.png'
2017-08-26 17:54:40: 删除文件 'mtp://S60_Handset/Memory card (ESD-ISO)/Private/fd8f9a7e/old/pic/play_icn_loved_.bmp'
2017-08-26 17:54:40: 删除文件 'mtp://S60_Handset/Memory card (ESD-ISO)/Private/fd8f9a7e/old/pic/play_icn_one.bmp'
2017-08-26 17:54:40: 删除文件 'mtp://S60_Handset/Memory card (ESD-ISO)/Private/fd8f9a7e/old/pic/play_icn_one.png'
2017-08-26 17:54:40: 删除文件 'mtp://S60_Handset/Memory card (ESD-ISO)/Private/fd8f9a7e/old/pic/play_icn_one_.bmp'
2017-08-26 17:54:40: 删除文件 'mtp://S60_Handset/Memory card (ESD-ISO)/Private/fd8f9a7e/old/pic/play_icn_shuffle.bmp'
2017-08-26 17:54:41: 删除文件 'mtp://S60_Handset/Memory card (ESD-ISO)/Private/fd8f9a7e/old/pic/play_icn_shuffle.png'
2017-08-26 17:54:41: 删除文件 'mtp://S60_Handset/Memory card (ESD-ISO)/Private/fd8f9a7e/old/pic/play_icn_shuffle_.bmp'
2017-08-26 17:54:41: 删除文件 'mtp://S60_Handset/Memory card (ESD-ISO)/Private/fd8f9a7e/old/pic/play_needle.png'
2017-08-26 17:54:41: 删除文件 'mtp://S60_Handset/Memory card (ESD-ISO)/Private/fd8f9a7e/old/pic/play_needle_.png'
2017-08-26 17:54:41: 删除文件 'mtp://S60_Handset/Memory card (ESD-ISO)/Private/fd8f9a7e/old/pic/SplashScreen.scale-100.bmp'
2017-08-26 17:54:41: 删除文件 'mtp://S60_Handset/Memory card (ESD-ISO)/Private/fd8f9a7e/old/pic/SplashScreen.scale-100.png'
2017-08-26 17:54:41: 删除文件夹 'mtp://S60_Handset/Memory card (ESD-ISO)/Private/fd8f9a7e/old/pic'
2017-08-26 17:54:42: 删除文件 'mtp://S60_Handset/Memory card (ESD-ISO)/Private/fd8f9a7e/old/pic.bmp'
2017-08-26 17:54:42: 删除文件 'mtp://S60_Handset/Memory card (ESD-ISO)/Private/fd8f9a7e/old/playlist.py'
2017-08-26 17:54:42: 删除文件 'mtp://S60_Handset/Memory card (ESD-ISO)/Private/fd8f9a7e/old/pushlib.py'
2017-08-26 17:54:42: 删除文件 'mtp://S60_Handset/Memory card (ESD-ISO)/Private/fd8f9a7e/old/simplejson/__init__.py'
2017-08-26 17:54:42: 删除文件 'mtp://S60_Handset/Memory card (ESD-ISO)/Private/fd8f9a7e/old/simplejson/__init__.pyc'
2017-08-26 17:54:42: 删除文件 'mtp://S60_Handset/Memory card (ESD-ISO)/Private/fd8f9a7e/old/simplejson/decoder.py'
2017-08-26 17:54:42: 删除文件 'mtp://S60_Handset/Memory card (ESD-ISO)/Private/fd8f9a7e/old/simplejson/decoder.pyc'
2017-08-26 17:54:42: 删除文件 'mtp://S60_Handset/Memory card (ESD-ISO)/Private/fd8f9a7e/old/simplejson/encoder.py'
2017-08-26 17:54:43: 删除文件 'mtp://S60_Handset/Memory card (ESD-ISO)/Private/fd8f9a7e/old/simplejson/encoder.pyc'
2017-08-26 17:54:43: 删除文件 'mtp://S60_Handset/Memory card (ESD-ISO)/Private/fd8f9a7e/old/simplejson/scanner.py'
2017-08-26 17:54:43: 删除文件 'mtp://S60_Handset/Memory card (ESD-ISO)/Private/fd8f9a7e/old/simplejson/scanner.pyc'
2017-08-26 17:54:43: 删除文件 'mtp://S60_Handset/Memory card (ESD-ISO)/Private/fd8f9a7e/old/simplejson/tests/__init__.py'
2017-08-26 17:54:43: 删除文件 'mtp://S60_Handset/Memory card (ESD-ISO)/Private/fd8f9a7e/old/simplejson/tests/test_fail.py'
2017-08-26 17:54:43: 删除文件 'mtp://S60_Handset/Memory card (ESD-ISO)/Private/fd8f9a7e/old/simplejson/tests/test_pass1.py'
2017-08-26 17:54:43: 删除文件 'mtp://S60_Handset/Memory card (ESD-ISO)/Private/fd8f9a7e/old/simplejson/tests/test_pass2.py'
2017-08-26 17:54:43: 删除文件 'mtp://S60_Handset/Memory card (ESD-ISO)/Private/fd8f9a7e/old/simplejson/tests/test_pass3.py'
2017-08-26 17:54:43: 删除文件 'mtp://S60_Handset/Memory card (ESD-ISO)/Private/fd8f9a7e/old/simplejson/tests/test_recursion.py'
2017-08-26 17:54:44: 删除文件夹 'mtp://S60_Handset/Memory card (ESD-ISO)/Private/fd8f9a7e/old/simplejson/tests'
2017-08-26 17:54:44: 删除文件夹 'mtp://S60_Handset/Memory card (ESD-ISO)/Private/fd8f9a7e/old/simplejson'
2017-08-26 17:54:44: 删除文件 'mtp://S60_Handset/Memory card (ESD-ISO)/Private/fd8f9a7e/old/util.py'
2017-08-26 17:54:44: 删除文件夹 'mtp://S60_Handset/Memory card (ESD-ISO)/Private/fd8f9a7e/old'
2017-08-26 17:54:44: ===== ：同步完毕。时间：00:00:10，速度： 3.29 KB/s =====, 项目同步未必： 67，错误： 
2017-08-26 17:54:44: 
