2017-08-26 17:55:22: -- Analysis Started by On File Change Incremental
2017-08-26 17:55:22: 变更：15， 冲突：， 复制时间：， 复制状态：， 错误： , All: 204
2017-08-26 17:55:22: Left to Right: Delete File: 15 
2017-08-26 17:55:22: == Sync Started by On File Change Incremental
2017-08-26 17:55:23: 删除文件 'mtp://S60_Handset/Memory card (ESD-ISO)/Private/fd8f9a7e/2.demo.py'
2017-08-26 17:55:23: 删除文件 'mtp://S60_Handset/Memory card (ESD-ISO)/Private/fd8f9a7e/captcha.png'
2017-08-26 17:55:23: 删除文件 'mtp://S60_Handset/Memory card (ESD-ISO)/Private/fd8f9a7e/config.txt'
2017-08-26 17:55:23: 删除文件 'mtp://S60_Handset/Memory card (ESD-ISO)/Private/fd8f9a7e/default_v0_1_0.sis'
2017-08-26 17:55:23: 删除文件 'mtp://S60_Handset/Memory card (ESD-ISO)/Private/fd8f9a7e/default_v0_1_0_console.sis'
2017-08-26 17:55:23: 删除文件 'mtp://S60_Handset/Memory card (ESD-ISO)/Private/fd8f9a7e/default_v0_1_0_uicomp.sis'
2017-08-26 17:55:23: 删除文件 'mtp://S60_Handset/Memory card (ESD-ISO)/Private/fd8f9a7e/http.txt'
2017-08-26 17:55:24: 删除文件 'mtp://S60_Handset/Memory card (ESD-ISO)/Private/fd8f9a7e/localdata.txt'
2017-08-26 17:55:24: 删除文件 'mtp://S60_Handset/Memory card (ESD-ISO)/Private/fd8f9a7e/log.txt'
2017-08-26 17:55:24: 删除文件 'mtp://S60_Handset/Memory card (ESD-ISO)/Private/fd8f9a7e/neapi.pyc'
2017-08-26 17:55:24: 删除文件 'mtp://S60_Handset/Memory card (ESD-ISO)/Private/fd8f9a7e/nelog.pyc'
2017-08-26 17:55:24: 删除文件 'mtp://S60_Handset/Memory card (ESD-ISO)/Private/fd8f9a7e/PHPUSH.PY'
2017-08-26 17:55:24: 删除文件 'mtp://S60_Handset/Memory card (ESD-ISO)/Private/fd8f9a7e/symbian_tools.pyc'
2017-08-26 17:55:24: 删除文件 'mtp://S60_Handset/Memory card (ESD-ISO)/Private/fd8f9a7e/tmp.txt'
2017-08-26 17:55:24: 删除文件 'mtp://S60_Handset/Memory card (ESD-ISO)/Private/fd8f9a7e/tools.pyc'
2017-08-26 17:55:24: ===== ：同步完毕。时间：00:00:02，速度： 3.50 KB/s =====, 项目同步未必： 15，错误： 
2017-08-26 17:55:24: 
